<?xml version="1.0" encoding="UTF-8"?>
<!-- Generated by org.testng.reporters.JUnitXMLReporter -->
<testsuite hostname="DESKTOP-GQLE896" ignored="0" name="Surefire test" tests="4" failures="0" timestamp="2022-01-15T22:49:42 GMT" time="4.195" errors="0">
  <testcase name="@BeforeMethod SetupBrowser" time="4.115" classname="org.example.BaseTest">
    <failure type="org.openqa.selenium.WebDriverException" message="Process unexpectedly closed with status 0
Build info: version: &amp;apos;3.141.59&amp;apos;, revision: &amp;apos;e82be7d358&amp;apos;, time: &amp;apos;2018-11-14T08:17:03&amp;apos;
System info: host: &amp;apos;DESKTOP-GQLE896&amp;apos;, ip: &amp;apos;192.168.0.16&amp;apos;, os.name: &amp;apos;Windows 10&amp;apos;, os.arch: &amp;apos;amd64&amp;apos;, os.version: &amp;apos;10.0&amp;apos;, java.version: &amp;apos;1.8.0_311&amp;apos;
Driver info: driver.version: FirefoxDriver
remote stacktrace: ">
      <![CDATA[org.openqa.selenium.WebDriverException: Process unexpectedly closed with status 0
Build info: version: '3.141.59', revision: 'e82be7d358', time: '2018-11-14T08:17:03'
System info: host: 'DESKTOP-GQLE896', ip: '192.168.0.16', os.name: 'Windows 10', os.arch: 'amd64', os.version: '10.0', java.version: '1.8.0_311'
Driver info: driver.version: FirefoxDriver
remote stacktrace: 
at org.openqa.selenium.remote.W3CHandshakeResponse.lambda$errorHandler$0(W3CHandshakeResponse.java:62)
at org.openqa.selenium.remote.HandshakeResponse.lambda$getResponseFunction$0(HandshakeResponse.java:30)
at org.openqa.selenium.remote.ProtocolHandshake.lambda$createSession$0(ProtocolHandshake.java:126)
at java.util.stream.ReferencePipeline$3$1.accept(Unknown Source)
at java.util.Spliterators$ArraySpliterator.tryAdvance(Unknown Source)
at java.util.stream.ReferencePipeline.forEachWithCancel(Unknown Source)
at java.util.stream.AbstractPipeline.copyIntoWithCancel(Unknown Source)
at java.util.stream.AbstractPipeline.copyInto(Unknown Source)
at java.util.stream.AbstractPipeline.wrapAndCopyInto(Unknown Source)
at java.util.stream.FindOps$FindOp.evaluateSequential(Unknown Source)
at java.util.stream.AbstractPipeline.evaluate(Unknown Source)
at java.util.stream.ReferencePipeline.findFirst(Unknown Source)
at org.openqa.selenium.remote.ProtocolHandshake.createSession(ProtocolHandshake.java:128)
at org.openqa.selenium.remote.ProtocolHandshake.createSession(ProtocolHandshake.java:74)
at org.openqa.selenium.remote.HttpCommandExecutor.execute(HttpCommandExecutor.java:136)
at org.openqa.selenium.remote.service.DriverCommandExecutor.execute(DriverCommandExecutor.java:83)
at org.openqa.selenium.remote.RemoteWebDriver.execute(RemoteWebDriver.java:552)
at org.openqa.selenium.remote.RemoteWebDriver.startSession(RemoteWebDriver.java:213)
at org.openqa.selenium.remote.RemoteWebDriver.<init>(RemoteWebDriver.java:131)
at org.openqa.selenium.firefox.FirefoxDriver.<init>(FirefoxDriver.java:147)
at org.openqa.selenium.firefox.FirefoxDriver.<init>(FirefoxDriver.java:125)
at org.example.BrowserManager.openBrowser(BrowserManager.java:76)
at org.example.BaseTest.SetupBrowser(BaseTest.java:13)
at java.util.ArrayList.forEach(Unknown Source)
... Removed 40 stack frames]]>
    </failure>
  </testcase> <!-- @BeforeMethod SetupBrowser -->
  <testcase name="@AfterMethod closeBrowser" time="-1.642286982396E9" classname="org.example.BaseTest">
    <skipped/>
  </testcase> <!-- @AfterMethod closeBrowser -->
  <testcase name="@BeforeMethod SetupBrowser" time="-1.642286982406E9" classname="org.example.BaseTest">
    <skipped/>
  </testcase> <!-- @BeforeMethod SetupBrowser -->
  <testcase name="@AfterMethod closeBrowser" time="-1.642286982414E9" classname="org.example.BaseTest">
    <skipped/>
  </testcase> <!-- @AfterMethod closeBrowser -->
  <testcase name="@BeforeMethod SetupBrowser" time="-1.642286982414E9" classname="org.example.BaseTest">
    <skipped/>
  </testcase> <!-- @BeforeMethod SetupBrowser -->
  <testcase name="@AfterMethod closeBrowser" time="-1.642286982416E9" classname="org.example.BaseTest">
    <skipped/>
  </testcase> <!-- @AfterMethod closeBrowser -->
  <testcase name="@BeforeMethod SetupBrowser" time="-1.642286982416E9" classname="org.example.BaseTest">
    <skipped/>
  </testcase> <!-- @BeforeMethod SetupBrowser -->
  <testcase name="@AfterMethod closeBrowser" time="-1.642286982416E9" classname="org.example.BaseTest">
    <skipped/>
  </testcase> <!-- @AfterMethod closeBrowser -->
  <testcase name="VerifyRegisterUserShouldBeAbleToReferAProductToFriend" time="0.0" classname="org.example.TestSuite">
    <skipped/>
  </testcase> <!-- VerifyRegisterUserShouldBeAbleToReferAProductToFriend -->
  <testcase name="VerifyUserShouldBeAbleToNavigateToDesktopPage" time="0.0" classname="org.example.TestSuite">
    <skipped/>
  </testcase> <!-- VerifyUserShouldBeAbleToNavigateToDesktopPage -->
  <testcase name="userAddedMessageNewsCommentSuccessFullyInPage" time="0.0" classname="org.example.TestSuite">
    <skipped/>
  </testcase> <!-- userAddedMessageNewsCommentSuccessFullyInPage -->
  <testcase name="verifyUserShouldbeabletoRegisterSuccesfully" time="0.0" classname="org.example.TestSuite">
    <skipped/>
  </testcase> <!-- verifyUserShouldbeabletoRegisterSuccesfully -->
</testsuite> <!-- Surefire test -->
